<?xml version="1.0" encoding="UTF-8"?>
<!-- Generated by org.testng.reporters.JUnitXMLReporter -->
<testsuite hostname="LAPTOP-8JNORMGV" name="Test" tests="1" failures="1" timestamp="15 Jan 2021 17:43:48 GMT" time="14.02" errors="0">
  <testcase name="shotmethod" time="0.961" classname="com.Test.Logintest">
    <failure type="java.lang.NullPointerException">
      <![CDATA[java.lang.NullPointerException
	at com.Generics.ExcelLiberary.getcellvalue(ExcelLiberary.java:14)
	at com.Pom.LoginLogOut.loginmethod(LoginLogOut.java:41)
	at com.Test.Logintest.shotmethod(Logintest.java:18)
... Removed 24 stack frames]]>
    </failure>
  </testcase> <!-- shotmethod -->
</testsuite> <!-- Test -->
